<?xml version="1.0" encoding="UTF-8"?>
<testng-results skipped="0" failed="0" ignored="0" total="1" passed="1">
  <reporter-output>
  </reporter-output>
  <suite name="com.geekTrust.logic.KingdomSenderTest" duration-ms="803" started-at="2017-09-29T18:40:53Z" finished-at="2017-09-29T18:40:54Z">
    <groups>
    </groups>
    <test name="Command line test" duration-ms="803" started-at="2017-09-29T18:40:53Z" finished-at="2017-09-29T18:40:54Z">
      <class name="com.geekTrust.logic.KingdomSenderTest">
        <test-method status="PASS" signature="setup()[pri:0, instance:com.geekTrust.logic.KingdomSenderTest@5e025e70]" name="setup" is-config="true" duration-ms="176" started-at="2017-09-30T00:10:53Z" finished-at="2017-09-30T00:10:53Z">
          <reporter-output>
          </reporter-output>
        </test-method> <!-- setup -->
        <test-method status="PASS" signature="testMessageSender()[pri:0, instance:com.geekTrust.logic.KingdomSenderTest@5e025e70]" name="testMessageSender" duration-ms="554" started-at="2017-09-30T00:10:53Z" finished-at="2017-09-30T00:10:54Z">
          <reporter-output>
          </reporter-output>
        </test-method> <!-- testMessageSender -->
      </class> <!-- com.geekTrust.logic.KingdomSenderTest -->
    </test> <!-- Command line test -->
  </suite> <!-- com.geekTrust.logic.KingdomSenderTest -->
</testng-results>
