<?xml version="1.0" encoding="UTF-8"?>
<testng-results skipped="0" failed="0" ignored="0" total="1" passed="1">
  <reporter-output>
  </reporter-output>
  <suite name="Default suite" duration-ms="694" started-at="2017-09-29T18:38:28Z" finished-at="2017-09-29T18:38:29Z">
    <groups>
    </groups>
    <test name="Default test" duration-ms="694" started-at="2017-09-29T18:38:28Z" finished-at="2017-09-29T18:38:29Z">
      <class name="com.geekTrust.logic.KingdomSenderTest">
        <test-method status="PASS" signature="setup()[pri:0, instance:com.geekTrust.logic.KingdomSenderTest@5cc7c2a6]" name="setup" is-config="true" duration-ms="47" started-at="2017-09-30T00:08:28Z" finished-at="2017-09-30T00:08:28Z">
          <reporter-output>
          </reporter-output>
        </test-method> <!-- setup -->
        <test-method status="PASS" signature="testMessageSender()[pri:0, instance:com.geekTrust.logic.KingdomSenderTest@5cc7c2a6]" name="testMessageSender" duration-ms="573" started-at="2017-09-30T00:08:28Z" finished-at="2017-09-30T00:08:29Z">
          <reporter-output>
          </reporter-output>
        </test-method> <!-- testMessageSender -->
      </class> <!-- com.geekTrust.logic.KingdomSenderTest -->
    </test> <!-- Default test -->
  </suite> <!-- Default suite -->
</testng-results>
