<?xml version="1.0" encoding="UTF-8"?>
<testng-results skipped="0" failed="0" ignored="0" total="1" passed="1">
  <reporter-output>
  </reporter-output>
  <suite name="Default suite" duration-ms="152" started-at="2017-09-29T14:30:15Z" finished-at="2017-09-29T14:30:16Z">
    <groups>
    </groups>
    <test name="Default test" duration-ms="152" started-at="2017-09-29T14:30:15Z" finished-at="2017-09-29T14:30:16Z">
      <class name="com.geekTrust.logic.KingDomSenderTest">
        <test-method status="PASS" signature="testKingdomSender()[pri:0, instance:com.geekTrust.logic.KingDomSenderTest@6574b225]" name="testKingdomSender" duration-ms="27" started-at="2017-09-29T20:00:16Z" finished-at="2017-09-29T20:00:16Z">
          <reporter-output>
          </reporter-output>
        </test-method> <!-- testKingdomSender -->
      </class> <!-- com.geekTrust.logic.KingDomSenderTest -->
    </test> <!-- Default test -->
  </suite> <!-- Default suite -->
</testng-results>
